<?xml version="1.0" encoding="UTF-8"?>
<testng-results ignored="0" total="2" passed="2" failed="0" skipped="0">
  <reporter-output>
  </reporter-output>
  <suite started-at="2024-01-22T15:38:44 IST" name="Default suite" finished-at="2024-01-22T15:38:44 IST" duration-ms="124">
    <groups>
    </groups>
    <test started-at="2024-01-22T15:38:44 IST" name="Default test" finished-at="2024-01-22T15:38:44 IST" duration-ms="124">
      <class name="Demo1.Demo2">
        <test-method signature="bike()[pri:0, instance:Demo1.Demo2@4fb3ee4e]" started-at="2024-01-22T15:38:44 IST" name="bike" finished-at="2024-01-22T15:38:44 IST" duration-ms="20" status="PASS">
          <reporter-output>
          </reporter-output>
        </test-method> <!-- bike -->
        <test-method signature="car()[pri:0, instance:Demo1.Demo2@4fb3ee4e]" started-at="2024-01-22T15:38:44 IST" name="car" finished-at="2024-01-22T15:38:44 IST" duration-ms="3" status="PASS">
          <reporter-output>
          </reporter-output>
        </test-method> <!-- car -->
      </class> <!-- Demo1.Demo2 -->
    </test> <!-- Default test -->
  </suite> <!-- Default suite -->
</testng-results>
